Using pre-set license
Built from '2020.3/staging' branch; Version is '2020.3.10f1 (297d780c91bc) revision 2719096'; Using compiler version '192528614'; Build Type 'Release'
OS: 'Windows 10 Pro; OS build 19042.985; Version 2009; 64bit' Language: 'en' Physical Memory: 16283 MB
BatchMode: 1, IsHumanControllingUs: 0, StartBugReporterOnCrash: 0, Is64bit: 1, IsPro: 0

 COMMAND LINE ARGUMENTS:
C:\Program Files\Unity\Hub\Editor\2020.3.10f1\Editor\Unity.exe
-adb2
-batchMode
-noUpm
-name
AssetImportWorker0
-projectPath
C:/Users/Ryan/Documents/HoloGameRE
-logFile
Logs/AssetImportWorker0.log
-srvPort
64400
Successfully changed project path to: C:/Users/Ryan/Documents/HoloGameRE
C:/Users/Ryan/Documents/HoloGameRE
Using Asset Import Pipeline V2.
Refreshing native plugins compatible for Editor in 43.08 ms, found 3 plugins.
Preloading 0 native plugins for Editor in 0.00 ms.
Initialize engine version: 2020.3.10f1 (297d780c91bc)
[Subsystems] Discovering subsystems at path C:/Program Files/Unity/Hub/Editor/2020.3.10f1/Editor/Data/Resources/UnitySubsystems
[Subsystems] Discovering subsystems at path C:/Users/Ryan/Documents/HoloGameRE/Assets
GfxDevice: creating device client; threaded=0
Direct3D:
    Version:  Direct3D 11.0 [level 11.1]
    Renderer: NVIDIA GeForce GTX 1050 Ti (ID=0x1c82)
    Vendor:   
    VRAM:     4018 MB
    Driver:   30.0.14.7168
Initialize mono
Mono path[0] = 'C:/Program Files/Unity/Hub/Editor/2020.3.10f1/Editor/Data/Managed'
Mono path[1] = 'C:/Program Files/Unity/Hub/Editor/2020.3.10f1/Editor/Data/MonoBleedingEdge/lib/mono/unityjit'
Mono config path = 'C:/Program Files/Unity/Hub/Editor/2020.3.10f1/Editor/Data/MonoBleedingEdge/etc'
Using monoOptions --debugger-agent=transport=dt_socket,embedding=1,server=y,suspend=n,address=127.0.0.1:56708
Begin MonoManager ReloadAssembly
Registering precompiled unity dll's ...
Register platform support module: C:/Program Files/Unity/Hub/Editor/2020.3.10f1/Editor/Data/PlaybackEngines/MacStandaloneSupport/UnityEditor.OSXStandalone.Extensions.dll
Register platform support module: C:/Program Files/Unity/Hub/Editor/2020.3.10f1/Editor/Data/PlaybackEngines/WindowsStandaloneSupport/UnityEditor.WindowsStandalone.Extensions.dll
Register platform support module: C:/Program Files/Unity/Hub/Editor/2020.3.10f1/Editor/Data/PlaybackEngines/LinuxStandaloneSupport/UnityEditor.LinuxStandalone.Extensions.dll
Registered in 0.004949 seconds.
Native extension for LinuxStandalone target not found
Native extension for WindowsStandalone target not found
Native extension for OSXStandalone target not found
Refreshing native plugins compatible for Editor in 34.80 ms, found 3 plugins.
Preloading 0 native plugins for Editor in 0.00 ms.
Mono: successfully reloaded assembly
- Completed reload, in  1.364 seconds
Platform modules already initialized, skipping
Registering precompiled user dll's ...
Registered in 0.005619 seconds.
Begin MonoManager ReloadAssembly
Native extension for LinuxStandalone target not found
Native extension for WindowsStandalone target not found
Native extension for OSXStandalone target not found
Refreshing native plugins compatible for Editor in 0.48 ms, found 3 plugins.
Preloading 0 native plugins for Editor in 0.00 ms.
Mono: successfully reloaded assembly
- Completed reload, in  1.133 seconds
Platform modules already initialized, skipping
========================================================================
Worker process is ready to serve import requests
Launched and connected shader compiler UnityShaderCompiler.exe after 0.06 seconds
Refreshing native plugins compatible for Editor in 0.44 ms, found 3 plugins.
Preloading 0 native plugins for Editor in 0.00 ms.
Unloading 1628 Unused Serialized files (Serialized files now loaded: 0)
System memory in use before: 75.4 MB.
System memory in use after: 75.5 MB.

Unloading 25 unused Assets to reduce memory usage. Loaded Objects now: 2057.
Total: 1.968300 ms (FindLiveObjects: 0.140400 ms CreateObjectMapping: 0.055000 ms MarkObjects: 1.657300 ms  DeleteObjects: 0.114600 ms)

========================================================================
Received Import Request.
  path: Assets/scripts/FightLevelLoad.cs
  artifactKey: Guid(4662012544e914440a90af0089f076f6) Importer(815301076,1909f56bfc062723c751e8b465ee728b)
Start importing Assets/scripts/FightLevelLoad.cs using Guid(4662012544e914440a90af0089f076f6) Importer(815301076,1909f56bfc062723c751e8b465ee728b)  -> (artifact id: '805ada9cb706635176ba6bd5e93907f7') in 0.191878 seconds
  Import took 0.200198 seconds .

========================================================================
Received Prepare
Registering precompiled user dll's ...
Registered in 0.008688 seconds.
Begin MonoManager ReloadAssembly
Native extension for LinuxStandalone target not found
Native extension for WindowsStandalone target not found
Native extension for OSXStandalone target not found
Refreshing native plugins compatible for Editor in 0.46 ms, found 3 plugins.
Preloading 0 native plugins for Editor in 0.00 ms.
Mono: successfully reloaded assembly
- Completed reload, in  1.088 seconds
Platform modules already initialized, skipping
Refreshing native plugins compatible for Editor in 0.40 ms, found 3 plugins.
Preloading 0 native plugins for Editor in 0.00 ms.
Unloading 1608 Unused Serialized files (Serialized files now loaded: 0)
System memory in use before: 74.0 MB.
System memory in use after: 74.1 MB.

Unloading 20 unused Assets to reduce memory usage. Loaded Objects now: 2060.
Total: 1.824200 ms (FindLiveObjects: 0.164600 ms CreateObjectMapping: 0.054500 ms MarkObjects: 1.547300 ms  DeleteObjects: 0.057000 ms)

========================================================================
Received Prepare
Refreshing native plugins compatible for Editor in 4.97 ms, found 3 plugins.
Preloading 0 native plugins for Editor in 0.00 ms.
Unloading 17 Unused Serialized files (Serialized files now loaded: 0)
System memory in use before: 42.4 MB.
System memory in use after: 42.5 MB.

Unloading 17 unused Assets to reduce memory usage. Loaded Objects now: 2060.
Total: 3.566000 ms (FindLiveObjects: 0.583500 ms CreateObjectMapping: 0.102700 ms MarkObjects: 2.827400 ms  DeleteObjects: 0.050500 ms)

========================================================================
Received Import Request.
  Time since last request: 1365.073364 seconds.
  path: Assets/Plugins/x86_64
  artifactKey: Guid(abc285dc8cb726643b25005579834c63) Importer(815301076,1909f56bfc062723c751e8b465ee728b)
Start importing Assets/Plugins/x86_64 using Guid(abc285dc8cb726643b25005579834c63) Importer(815301076,1909f56bfc062723c751e8b465ee728b)  -> (artifact id: '4ed17546cc68be0438984558b7a8aacc') in 0.022803 seconds
  Import took 0.046245 seconds .

========================================================================
Received Import Request.
  Time since last request: 1.200559 seconds.
  path: Assets/Plugins/x86_64/discord_game_sdk.dll.lib
  artifactKey: Guid(368ff140c01120d4d9ad8e40ea0bf1d9) Importer(815301076,1909f56bfc062723c751e8b465ee728b)
Start importing Assets/Plugins/x86_64/discord_game_sdk.dll.lib using Guid(368ff140c01120d4d9ad8e40ea0bf1d9) Importer(815301076,1909f56bfc062723c751e8b465ee728b)  -> (artifact id: '8c97cc6adbc33aedd80f6d020235eb63') in 0.142656 seconds
  Import took 0.152911 seconds .

========================================================================
Received Import Request.
  Time since last request: 2.467751 seconds.
  path: Assets/Plugins/x86_64/discord_game_sdk.dll
  artifactKey: Guid(6ec7ca0b848ea36449048e78c299c2fc) Importer(815301076,1909f56bfc062723c751e8b465ee728b)
Start importing Assets/Plugins/x86_64/discord_game_sdk.dll using Guid(6ec7ca0b848ea36449048e78c299c2fc) Importer(815301076,1909f56bfc062723c751e8b465ee728b)  -> (artifact id: '00a720f8e1433f0f9209f7404594f90e') in 0.110535 seconds
  Import took 0.120641 seconds .

========================================================================
Received Import Request.
  Time since last request: 0.006936 seconds.
  path: Assets/Plugins/x86_64/discord_game_sdk.dll
  artifactKey: Guid(6ec7ca0b848ea36449048e78c299c2fc) Importer(815301076,1909f56bfc062723c751e8b465ee728b)
Start importing Assets/Plugins/x86_64/discord_game_sdk.dll using Guid(6ec7ca0b848ea36449048e78c299c2fc) Importer(815301076,1909f56bfc062723c751e8b465ee728b)  -> (artifact id: '00a720f8e1433f0f9209f7404594f90e') in 0.005539 seconds
  Import took 0.015805 seconds .

========================================================================
Received Import Request.
  Time since last request: 0.645677 seconds.
  path: Assets/Plugins/x86_64/discord_game_sdk.bundle
  artifactKey: Guid(2403350fa0b76c9419dfa8beacf560e5) Importer(815301076,1909f56bfc062723c751e8b465ee728b)
Start importing Assets/Plugins/x86_64/discord_game_sdk.bundle using Guid(2403350fa0b76c9419dfa8beacf560e5) Importer(815301076,1909f56bfc062723c751e8b465ee728b)  -> (artifact id: '450185b50d30425b2689e75e0c81767e') in 0.040086 seconds
  Import took 0.048358 seconds .

========================================================================
Received Import Request.
  Time since last request: 0.568348 seconds.
  path: Assets/Plugins/x86_64/discord_game_sdk.dylib
  artifactKey: Guid(e9719dfd57a0d444889269d3a92a43f1) Importer(815301076,1909f56bfc062723c751e8b465ee728b)
Start importing Assets/Plugins/x86_64/discord_game_sdk.dylib using Guid(e9719dfd57a0d444889269d3a92a43f1) Importer(815301076,1909f56bfc062723c751e8b465ee728b)  -> (artifact id: '861e0cec8504a8abde8b2721dedcd5e6') in 0.036801 seconds
  Import took 0.045336 seconds .

========================================================================
Received Import Request.
  Time since last request: 0.411721 seconds.
  path: Assets/Plugins/x86_64/discord_game_sdk.so
  artifactKey: Guid(535f152dbe4bb404da93e02bb54769c5) Importer(815301076,1909f56bfc062723c751e8b465ee728b)
Start importing Assets/Plugins/x86_64/discord_game_sdk.so using Guid(535f152dbe4bb404da93e02bb54769c5) Importer(815301076,1909f56bfc062723c751e8b465ee728b)  -> (artifact id: '125d1bdc75ef9cff70a981786957203d') in 0.012383 seconds
  Import took 0.022594 seconds .

========================================================================
Received Import Request.
  Time since last request: 0.001708 seconds.
  path: Assets/Plugins/x86_64/discord_game_sdk.so
  artifactKey: Guid(535f152dbe4bb404da93e02bb54769c5) Importer(815301076,1909f56bfc062723c751e8b465ee728b)
Start importing Assets/Plugins/x86_64/discord_game_sdk.so using Guid(535f152dbe4bb404da93e02bb54769c5) Importer(815301076,1909f56bfc062723c751e8b465ee728b)  -> (artifact id: '125d1bdc75ef9cff70a981786957203d') in 0.028754 seconds
  Import took 0.037413 seconds .

========================================================================
Received Import Request.
  Time since last request: 753.648914 seconds.
  path: Assets/Plugins/DiscordGameSDK/StoreManager.cs
  artifactKey: Guid(72efa95cc9e92c24da18ec4902d51c6b) Importer(815301076,1909f56bfc062723c751e8b465ee728b)
Start importing Assets/Plugins/DiscordGameSDK/StoreManager.cs using Guid(72efa95cc9e92c24da18ec4902d51c6b) Importer(815301076,1909f56bfc062723c751e8b465ee728b)  -> (artifact id: '89395dec8d87776a3745ee4b40437377') in 0.009558 seconds
  Import took 0.017733 seconds .

========================================================================
Received Import Request.
  Time since last request: 1.350477 seconds.
  path: Assets/Plugins/DiscordGameSDK/ImageManager.cs
  artifactKey: Guid(6a9dd6a24f50b7e4fba9d14c2049e3ee) Importer(815301076,1909f56bfc062723c751e8b465ee728b)
Start importing Assets/Plugins/DiscordGameSDK/ImageManager.cs using Guid(6a9dd6a24f50b7e4fba9d14c2049e3ee) Importer(815301076,1909f56bfc062723c751e8b465ee728b)  -> (artifact id: 'cf1418a67693e3ce2201f87861801415') in 0.042046 seconds
  Import took 0.049652 seconds .

========================================================================
Received Prepare
Registering precompiled user dll's ...
Registered in 0.004929 seconds.
Begin MonoManager ReloadAssembly
Native extension for LinuxStandalone target not found
Native extension for WindowsStandalone target not found
Native extension for OSXStandalone target not found
Refreshing native plugins compatible for Editor in 0.40 ms, found 3 plugins.
Preloading 0 native plugins for Editor in 0.00 ms.
Mono: successfully reloaded assembly
- Completed reload, in  0.950 seconds
Platform modules already initialized, skipping
Refreshing native plugins compatible for Editor in 0.39 ms, found 3 plugins.
Preloading 0 native plugins for Editor in 0.00 ms.
Unloading 1608 Unused Serialized files (Serialized files now loaded: 0)
System memory in use before: 74.0 MB.
System memory in use after: 74.1 MB.

Unloading 20 unused Assets to reduce memory usage. Loaded Objects now: 2063.
Total: 1.848800 ms (FindLiveObjects: 0.154400 ms CreateObjectMapping: 0.051100 ms MarkObjects: 1.564500 ms  DeleteObjects: 0.077500 ms)

========================================================================
Received Import Request.
  Time since last request: 20.907551 seconds.
  path: Assets/Plugins/x86
  artifactKey: Guid(2256624afe991954c9ec1f4ce8635c6f) Importer(815301076,1909f56bfc062723c751e8b465ee728b)
Start importing Assets/Plugins/x86 using Guid(2256624afe991954c9ec1f4ce8635c6f) Importer(815301076,1909f56bfc062723c751e8b465ee728b)  -> (artifact id: '3ac50e46f001291a091fa3edd9216b83') in 0.032887 seconds
  Import took 0.041401 seconds .

========================================================================
Received Import Request.
  Time since last request: 5.629140 seconds.
  path: Assets/Plugins/x86/discord_game_sdk.dll.lib
  artifactKey: Guid(4db9a8375afceb4469eb79d620614a2f) Importer(815301076,1909f56bfc062723c751e8b465ee728b)
Start importing Assets/Plugins/x86/discord_game_sdk.dll.lib using Guid(4db9a8375afceb4469eb79d620614a2f) Importer(815301076,1909f56bfc062723c751e8b465ee728b)  -> (artifact id: '28fe834773e45925f12739ad505f7a14') in 0.011711 seconds
  Import took 0.019427 seconds .

========================================================================
Received Import Request.
  Time since last request: 0.865230 seconds.
  path: Assets/Plugins/x86/discord_game_sdk.dll
  artifactKey: Guid(d2bddee735495a646a89f21b1a556fb1) Importer(815301076,1909f56bfc062723c751e8b465ee728b)
Start importing Assets/Plugins/x86/discord_game_sdk.dll using Guid(d2bddee735495a646a89f21b1a556fb1) Importer(815301076,1909f56bfc062723c751e8b465ee728b)  -> (artifact id: 'a2cbf4beb5a694b88be8b9ec50fbe0a9') in 0.003560 seconds
  Import took 0.012811 seconds .

========================================================================
Received Import Request.
  Time since last request: 0.017733 seconds.
  path: Assets/Plugins/x86/discord_game_sdk.dll
  artifactKey: Guid(d2bddee735495a646a89f21b1a556fb1) Importer(815301076,1909f56bfc062723c751e8b465ee728b)
Start importing Assets/Plugins/x86/discord_game_sdk.dll using Guid(d2bddee735495a646a89f21b1a556fb1) Importer(815301076,1909f56bfc062723c751e8b465ee728b)  -> (artifact id: 'a2cbf4beb5a694b88be8b9ec50fbe0a9') in 0.004340 seconds
  Import took 0.016668 seconds .

========================================================================
Received Prepare
Registering precompiled user dll's ...
Registered in 0.005109 seconds.
Begin MonoManager ReloadAssembly
Native extension for LinuxStandalone target not found
Native extension for WindowsStandalone target not found
Native extension for OSXStandalone target not found
Refreshing native plugins compatible for Editor in 0.40 ms, found 3 plugins.
Preloading 0 native plugins for Editor in 0.00 ms.
Mono: successfully reloaded assembly
- Completed reload, in  1.043 seconds
Platform modules already initialized, skipping
Refreshing native plugins compatible for Editor in 0.39 ms, found 3 plugins.
Preloading 0 native plugins for Editor in 0.00 ms.
Unloading 1607 Unused Serialized files (Serialized files now loaded: 0)
System memory in use before: 74.1 MB.
System memory in use after: 74.2 MB.

Unloading 19 unused Assets to reduce memory usage. Loaded Objects now: 2066.
Total: 2.005400 ms (FindLiveObjects: 0.153600 ms CreateObjectMapping: 0.048800 ms MarkObjects: 1.743800 ms  DeleteObjects: 0.058000 ms)

AssetImportWorkerClient::OnTransportError - code=2 error=End of file
